[debug] [2018-05-14T09:14:56.732Z] ----------------------------------------------------------------------
[debug] [2018-05-14T09:14:56.734Z] Command:       C:\Program Files\nodejs\node.exe C:\Users\Simon\AppData\Roaming\npm\node_modules\firebase-tools\bin\firebase deploy
[debug] [2018-05-14T09:14:56.735Z] CLI Version:   3.18.2
[debug] [2018-05-14T09:14:56.735Z] Platform:      win32
[debug] [2018-05-14T09:14:56.735Z] Node Version:  v8.10.0
[debug] [2018-05-14T09:14:56.735Z] Time:          Mon May 14 2018 12:14:56 GMT+0300 (GTB Daylight Time)
[debug] [2018-05-14T09:14:56.735Z] ----------------------------------------------------------------------
[debug] 
[debug] [2018-05-14T09:14:56.745Z] > command requires scopes: ["email","openid","https://www.googleapis.com/auth/cloudplatformprojects.readonly","https://www.googleapis.com/auth/firebase","https://www.googleapis.com/auth/cloud-platform"]
[debug] [2018-05-14T09:14:56.746Z] > authorizing via signed-in user
[debug] [2018-05-14T09:14:56.749Z] >>> HTTP REQUEST GET https://admin.firebase.com/v1/projects/shopping-cart-b48dc  
  
 Mon May 14 2018 12:14:56 GMT+0300 (GTB Daylight Time)
[debug] [2018-05-14T09:14:57.502Z] <<< HTTP RESPONSE 200
[debug] [2018-05-14T09:14:57.503Z] >>> HTTP REQUEST GET https://admin.firebase.com/v1/database/shopping-cart-b48dc/tokens  
  
 Mon May 14 2018 12:14:57 GMT+0300 (GTB Daylight Time)
[debug] [2018-05-14T09:14:58.160Z] <<< HTTP RESPONSE 200
[info] 
[info] === Deploying to 'shopping-cart-b48dc'...
[info] 
[info] i  deploying hosting
[info] i  hosting: preparing dist directory for upload...
[debug] [2018-05-14T09:14:59.004Z] >>> HTTP REQUEST PUT https://deploy.firebase.com/v1/hosting/shopping-cart-b48dc/uploads/-LCSvbJjUR8YGlEC5XKy?fileCount=11&message=  
  
 Mon May 14 2018 12:14:59 GMT+0300 (GTB Daylight Time)
